<?xml version="1.0" encoding="UTF-8"?>
<testsuite xmlns:xsi="http://www.w3.org/2001/XMLSchema-instance" xsi:noNamespaceSchemaLocation="https://maven.apache.org/surefire/maven-surefire-plugin/xsd/surefire-test-report.xsd" name="testrunner.TestRunner" time="49.871" tests="6" errors="1" skipped="0" failures="0">
  <properties>
[...]
</properties>
  <testcase name="Verify User is able to handle pop up windows, frames and alerts" classname="Verify Alerts, Frame &amp; Windows Page" time="10.136"/>
  <testcase name="Verify User is able to perform actions on Web Elements in Elements page" classname="Verify the functionalities of Elements page" time="10.225"/>
  <testcase name="Get value from specified Row and Column from xlsx file" classname="Read from Excel File" time="2.719">
    <error message="java.io.FileNotFoundException: /Users/airasia/Desktop/Playwright-Java-BDD\src\main\java\utils\functional\Students.xlsx" type="java.lang.RuntimeException">java.lang.RuntimeException: java.io.FileNotFoundException: /Users/airasia/Desktop/Playwright-Java-BDD\src\main\java\utils\functional\Students.xlsx
Caused by: java.io.FileNotFoundException: /Users/airasia/Desktop/Playwright-Java-BDD\src\main\java\utils\functional\Students.xlsx
</error>
    <system-out><![CDATA[
Scenario: Get value from specified Row and Column from xlsx file                                     &amp#27;[90m# src/test/resources/features/ExcelReader.feature:3&amp#27;[0m
  &amp#27;[31mThen &amp#27;[0m&amp#27;[31muser verifies data as "&amp#27;[0m&amp#27;[31m&amp#27;[1mJohn&amp#27;[0m&amp#27;[31m" in "&amp#27;[0m&amp#27;[31m&amp#27;[1m1&amp#27;[0m&amp#27;[31m" row and "&amp#27;[0m&amp#27;[31m&amp#27;[1m1&amp#27;[0m&amp#27;[31m" column from "&amp#27;[0m&amp#27;[31m&amp#27;[1mSheet1&amp#27;[0m&amp#27;[31m" sheet in "&amp#27;[0m&amp#27;[31m&amp#27;[1mStudents&amp#27;[0m&amp#27;[31m" file&amp#27;[0m &amp#27;[90m# stepdefinitions.LoginSteps.clickOnIcon(java.lang.String,int,int,java.lang.String,java.lang.String)&amp#27;[0m
      &amp#27;[31mjava.lang.RuntimeException: java.io.FileNotFoundException: /Users/airasia/Desktop/Playwright-Java-BDD\src\main\java\utils\functional\Students.xlsx
	at utils.WebActions.getRowColValue(WebActions.java:66)
	at stepdefinitions.LoginSteps.clickOnIcon(LoginSteps.java:46)
	at ✽.user verifies data as "John" in "1" row and "1" column from "Sheet1" sheet in "Students" file(file:///Users/airasia/Desktop/Playwright-Java-BDD/src/test/resources/features/ExcelReader.feature:4)
Caused by: java.io.FileNotFoundException: /Users/airasia/Desktop/Playwright-Java-BDD\src\main\java\utils\functional\Students.xlsx
	at org.apache.poi.ss.usermodel.WorkbookFactory.create(WorkbookFactory.java:302)
	at org.apache.poi.ss.usermodel.WorkbookFactory.create(WorkbookFactory.java:277)
	at org.apache.poi.ss.usermodel.WorkbookFactory.create(WorkbookFactory.java:255)
	at utils.WebActions.getRowColValue(WebActions.java:64)
	at stepdefinitions.LoginSteps.clickOnIcon(LoginSteps.java:46)
	at sun.reflect.NativeMethodAccessorImpl.invoke0(Native Method)
	at sun.reflect.NativeMethodAccessorImpl.invoke(NativeMethodAccessorImpl.java:62)
	at sun.reflect.DelegatingMethodAccessorImpl.invoke(DelegatingMethodAccessorImpl.java:43)
	at java.lang.reflect.Method.invoke(Method.java:498)
	at io.cucumber.java.Invoker.doInvoke(Invoker.java:66)
	at io.cucumber.java.Invoker.invoke(Invoker.java:24)
	at io.cucumber.java.AbstractGlueDefinition.invokeMethod(AbstractGlueDefinition.java:47)
	at io.cucumber.java.JavaStepDefinition.execute(JavaStepDefinition.java:29)
	at io.cucumber.core.runner.CoreStepDefinition.execute(CoreStepDefinition.java:66)
	at io.cucumber.core.runner.PickleStepDefinitionMatch.runStep(PickleStepDefinitionMatch.java:63)
	at io.cucumber.core.runner.ExecutionMode$1.execute(ExecutionMode.java:10)
	at io.cucumber.core.runner.TestStep.executeStep(TestStep.java:84)
	at io.cucumber.core.runner.TestStep.run(TestStep.java:56)
	at io.cucumber.core.runner.PickleStepTestStep.run(PickleStepTestStep.java:51)
	at io.cucumber.core.runner.TestCase.run(TestCase.java:84)
	at io.cucumber.core.runner.Runner.runPickle(Runner.java:75)
	at io.cucumber.junit.PickleRunners$NoStepDescriptions.lambda$run$0(PickleRunners.java:151)
	at io.cucumber.core.runtime.CucumberExecutionContext.lambda$runTestCase$5(CucumberExecutionContext.java:130)
	at io.cucumber.core.runtime.RethrowingThrowableCollector.executeAndThrow(RethrowingThrowableCollector.java:23)
	at io.cucumber.core.runtime.CucumberExecutionContext.runTestCase(CucumberExecutionContext.java:130)
	at io.cucumber.junit.PickleRunners$NoStepDescriptions.run(PickleRunners.java:148)
	at io.cucumber.junit.FeatureRunner.runChild(FeatureRunner.java:144)
	at io.cucumber.junit.FeatureRunner.runChild(FeatureRunner.java:28)
	at org.junit.runners.ParentRunner$4.run(ParentRunner.java:331)
	at org.junit.runners.ParentRunner$1.schedule(ParentRunner.java:79)
	at org.junit.runners.ParentRunner.runChildren(ParentRunner.java:329)
	at org.junit.runners.ParentRunner.access$100(ParentRunner.java:66)
	at org.junit.runners.ParentRunner$2.evaluate(ParentRunner.java:293)
	at org.junit.runners.ParentRunner$3.evaluate(ParentRunner.java:306)
	at org.junit.runners.ParentRunner.run(ParentRunner.java:413)
	at io.cucumber.junit.FeatureRunner.run(FeatureRunner.java:137)
	at io.cucumber.junit.Cucumber.runChild(Cucumber.java:196)
	at io.cucumber.junit.Cucumber.runChild(Cucumber.java:89)
	at org.junit.runners.ParentRunner$4.run(ParentRunner.java:331)
	at org.junit.runners.ParentRunner$1.schedule(ParentRunner.java:79)
	at org.junit.runners.ParentRunner.runChildren(ParentRunner.java:329)
	at org.junit.runners.ParentRunner.access$100(ParentRunner.java:66)
	at org.junit.runners.ParentRunner$2.evaluate(ParentRunner.java:293)
	at io.cucumber.junit.Cucumber$RunBeforeAllHooks.evaluate(Cucumber.java:266)
	at io.cucumber.junit.Cucumber$RunAfterAllHooks.evaluate(Cucumber.java:281)
	at io.cucumber.junit.Cucumber$StartTestRun.evaluate(Cucumber.java:233)
	at io.cucumber.junit.Cucumber$FinishTestRun.evaluate(Cucumber.java:248)
	at org.junit.runners.ParentRunner$3.evaluate(ParentRunner.java:306)
	at org.junit.runners.ParentRunner.run(ParentRunner.java:413)
	at org.apache.maven.surefire.junit4.JUnit4Provider.execute(JUnit4Provider.java:365)
	at org.apache.maven.surefire.junit4.JUnit4Provider.executeWithRerun(JUnit4Provider.java:273)
	at org.apache.maven.surefire.junit4.JUnit4Provider.executeTestSet(JUnit4Provider.java:238)
	at org.apache.maven.surefire.junit4.JUnit4Provider.invoke(JUnit4Provider.java:159)
	at org.apache.maven.surefire.booter.ForkedBooter.invokeProviderInSameClassLoader(ForkedBooter.java:384)
	at org.apache.maven.surefire.booter.ForkedBooter.runSuitesInProcess(ForkedBooter.java:345)
	at org.apache.maven.surefire.booter.ForkedBooter.execute(ForkedBooter.java:126)
	at org.apache.maven.surefire.booter.ForkedBooter.main(ForkedBooter.java:418)
&amp#27;[0m

    Embedding _G_e_t_ _v_a_l_u_e_ _f_r_o_m_ _s_p_e_c_i_f_i_e_d_ _R_o_w_ _a_n_d_ _C_o_l_u_m_n_ _f_r_o_m_ _x_l_s_x_ _f_i_l_e_ [image/png 5320 bytes]

]]></system-out>
  </testcase>
  <testcase name="Verify User is able perform Drag and Drop" classname="Verify Interactions Page" time="7.17"/>
  <testcase name="Verify User is able to login to Book Store with correct credentials" classname="Login Page feature" time="7.415"/>
  <testcase name="Verify User is interact with Widgets" classname="Verify Widgets Page" time="6.792"/>
</testsuite>