-------------------------------------------------------------------------------
Test set: testrunner.TestRunner
-------------------------------------------------------------------------------
Tests run: 6, Failures: 0, Errors: 1, Skipped: 0, Time elapsed: 49.871 s <<< FAILURE! - in testrunner.TestRunner
Get value from specified Row and Column from xlsx file(Read from Excel File)  Time elapsed: 2.719 s  <<< ERROR!
java.lang.RuntimeException: java.io.FileNotFoundException: /Users/airasia/Desktop/Playwright-Java-BDD\src\main\java\utils\functional\Students.xlsx
Caused by: java.io.FileNotFoundException: /Users/airasia/Desktop/Playwright-Java-BDD\src\main\java\utils\functional\Students.xlsx

